2017-03-07 22:11:24 - PHP Notice:  Undefined variable: product_id in C:\OpenServer\domains\hair-grow.loc\catalog\controller\common\header.php on line 103
2017-03-07 22:11:24 - PHP Notice:  Undefined variable: product_id in C:\OpenServer\domains\hair-grow.loc\catalog\controller\common\header.php on line 103
2017-03-07 22:14:16 - PHP Notice:  Undefined variable: product_id in C:\OpenServer\domains\hair-grow.loc\catalog\controller\common\header.php on line 105
2017-03-07 22:14:16 - PHP Notice:  Undefined variable: product_id in C:\OpenServer\domains\hair-grow.loc\catalog\controller\common\header.php on line 105
2017-03-07 22:14:24 - PHP Notice:  Undefined variable: product_id in C:\OpenServer\domains\hair-grow.loc\catalog\controller\common\header.php on line 105
2017-03-07 22:14:24 - PHP Notice:  Undefined variable: product_id in C:\OpenServer\domains\hair-grow.loc\catalog\controller\common\header.php on line 105
2017-03-12 21:05:31 - PHP Notice:  Undefined index: popup in C:\OpenServer\domains\hair-grow.loc\catalog\view\theme\default\template\product\product.tpl on line 43
2017-03-12 21:05:31 - PHP Notice:  Undefined index: thumb in C:\OpenServer\domains\hair-grow.loc\catalog\view\theme\default\template\product\product.tpl on line 43
2017-03-12 21:05:31 - PHP Notice:  Undefined index: popup in C:\OpenServer\domains\hair-grow.loc\catalog\view\theme\default\template\product\product.tpl on line 43
2017-03-12 21:05:31 - PHP Notice:  Undefined index: thumb in C:\OpenServer\domains\hair-grow.loc\catalog\view\theme\default\template\product\product.tpl on line 43
2017-03-12 21:05:31 - PHP Notice:  Undefined index: popup in C:\OpenServer\domains\hair-grow.loc\catalog\view\theme\default\template\product\product.tpl on line 43
2017-03-12 21:05:31 - PHP Notice:  Undefined index: thumb in C:\OpenServer\domains\hair-grow.loc\catalog\view\theme\default\template\product\product.tpl on line 43
2017-03-12 21:05:31 - PHP Notice:  Undefined index: thumb_little in C:\OpenServer\domains\hair-grow.loc\catalog\view\theme\default\template\product\product.tpl on line 61
2017-03-12 21:05:31 - PHP Notice:  Undefined index: thumb_little in C:\OpenServer\domains\hair-grow.loc\catalog\view\theme\default\template\product\product.tpl on line 61
2017-03-12 21:05:31 - PHP Notice:  Undefined index: thumb_little in C:\OpenServer\domains\hair-grow.loc\catalog\view\theme\default\template\product\product.tpl on line 61
2017-03-12 21:05:31 - PHP Notice:  Undefined index: popup in C:\OpenServer\domains\hair-grow.loc\catalog\view\theme\default\template\product\product.tpl on line 74
2017-03-12 21:05:31 - PHP Notice:  Undefined index: thumb in C:\OpenServer\domains\hair-grow.loc\catalog\view\theme\default\template\product\product.tpl on line 74
2017-03-12 21:05:31 - PHP Notice:  Undefined index: popup in C:\OpenServer\domains\hair-grow.loc\catalog\view\theme\default\template\product\product.tpl on line 74
2017-03-12 21:05:31 - PHP Notice:  Undefined index: thumb in C:\OpenServer\domains\hair-grow.loc\catalog\view\theme\default\template\product\product.tpl on line 74
2017-03-12 21:05:31 - PHP Notice:  Undefined index: popup in C:\OpenServer\domains\hair-grow.loc\catalog\view\theme\default\template\product\product.tpl on line 74
2017-03-12 21:05:31 - PHP Notice:  Undefined index: thumb in C:\OpenServer\domains\hair-grow.loc\catalog\view\theme\default\template\product\product.tpl on line 74
2017-03-12 21:05:40 - PHP Notice:  Undefined index: popup in C:\OpenServer\domains\hair-grow.loc\catalog\view\theme\default\template\product\product.tpl on line 43
2017-03-12 21:05:40 - PHP Notice:  Undefined index: thumb in C:\OpenServer\domains\hair-grow.loc\catalog\view\theme\default\template\product\product.tpl on line 43
2017-03-12 21:05:40 - PHP Notice:  Undefined index: popup in C:\OpenServer\domains\hair-grow.loc\catalog\view\theme\default\template\product\product.tpl on line 43
2017-03-12 21:05:40 - PHP Notice:  Undefined index: thumb in C:\OpenServer\domains\hair-grow.loc\catalog\view\theme\default\template\product\product.tpl on line 43
2017-03-12 21:05:40 - PHP Notice:  Undefined index: popup in C:\OpenServer\domains\hair-grow.loc\catalog\view\theme\default\template\product\product.tpl on line 43
2017-03-12 21:05:40 - PHP Notice:  Undefined index: thumb in C:\OpenServer\domains\hair-grow.loc\catalog\view\theme\default\template\product\product.tpl on line 43
2017-03-12 21:05:40 - PHP Notice:  Undefined index: thumb_little in C:\OpenServer\domains\hair-grow.loc\catalog\view\theme\default\template\product\product.tpl on line 61
2017-03-12 21:05:40 - PHP Notice:  Undefined index: thumb_little in C:\OpenServer\domains\hair-grow.loc\catalog\view\theme\default\template\product\product.tpl on line 61
2017-03-12 21:05:40 - PHP Notice:  Undefined index: thumb_little in C:\OpenServer\domains\hair-grow.loc\catalog\view\theme\default\template\product\product.tpl on line 61
2017-03-12 21:05:40 - PHP Notice:  Undefined index: popup in C:\OpenServer\domains\hair-grow.loc\catalog\view\theme\default\template\product\product.tpl on line 74
2017-03-12 21:05:40 - PHP Notice:  Undefined index: thumb in C:\OpenServer\domains\hair-grow.loc\catalog\view\theme\default\template\product\product.tpl on line 74
2017-03-12 21:05:40 - PHP Notice:  Undefined index: popup in C:\OpenServer\domains\hair-grow.loc\catalog\view\theme\default\template\product\product.tpl on line 74
2017-03-12 21:05:40 - PHP Notice:  Undefined index: thumb in C:\OpenServer\domains\hair-grow.loc\catalog\view\theme\default\template\product\product.tpl on line 74
2017-03-12 21:05:40 - PHP Notice:  Undefined index: popup in C:\OpenServer\domains\hair-grow.loc\catalog\view\theme\default\template\product\product.tpl on line 74
2017-03-12 21:05:40 - PHP Notice:  Undefined index: thumb in C:\OpenServer\domains\hair-grow.loc\catalog\view\theme\default\template\product\product.tpl on line 74
2017-03-14 16:57:25 - PHP Warning:  Invalid argument supplied for foreach() in C:\OpenServer\domains\hair-grow.loc\catalog\controller\checkout\cart.php on line 412
2017-03-14 16:57:25 - PHP Warning:  Cannot modify header information - headers already sent by (output started at C:\OpenServer\domains\hair-grow.loc\catalog\controller\startup\error.php:34) in C:\OpenServer\domains\hair-grow.loc\system\library\response.php on line 12
2017-03-14 16:57:33 - PHP Warning:  Invalid argument supplied for foreach() in C:\OpenServer\domains\hair-grow.loc\catalog\controller\checkout\cart.php on line 412
2017-03-14 16:57:33 - PHP Warning:  Cannot modify header information - headers already sent by (output started at C:\OpenServer\domains\hair-grow.loc\catalog\controller\startup\error.php:34) in C:\OpenServer\domains\hair-grow.loc\system\library\response.php on line 12
2017-03-14 16:57:50 - PHP Warning:  Invalid argument supplied for foreach() in C:\OpenServer\domains\hair-grow.loc\catalog\controller\checkout\cart.php on line 412
2017-03-14 16:57:50 - PHP Warning:  Cannot modify header information - headers already sent by (output started at C:\OpenServer\domains\hair-grow.loc\catalog\controller\startup\error.php:34) in C:\OpenServer\domains\hair-grow.loc\system\library\response.php on line 12
2017-03-14 16:57:57 - PHP Warning:  Invalid argument supplied for foreach() in C:\OpenServer\domains\hair-grow.loc\catalog\controller\checkout\cart.php on line 412
2017-03-14 16:57:57 - PHP Warning:  Cannot modify header information - headers already sent by (output started at C:\OpenServer\domains\hair-grow.loc\catalog\controller\startup\error.php:34) in C:\OpenServer\domains\hair-grow.loc\system\library\response.php on line 12
2017-03-14 16:58:14 - PHP Warning:  Invalid argument supplied for foreach() in C:\OpenServer\domains\hair-grow.loc\catalog\controller\checkout\cart.php on line 412
2017-03-14 16:58:14 - PHP Warning:  Cannot modify header information - headers already sent by (output started at C:\OpenServer\domains\hair-grow.loc\catalog\controller\startup\error.php:34) in C:\OpenServer\domains\hair-grow.loc\system\library\response.php on line 12
2017-03-14 16:59:03 - PHP Warning:  Invalid argument supplied for foreach() in C:\OpenServer\domains\hair-grow.loc\catalog\controller\checkout\cart.php on line 412
2017-03-14 16:59:03 - PHP Warning:  Cannot modify header information - headers already sent by (output started at C:\OpenServer\domains\hair-grow.loc\catalog\controller\startup\error.php:34) in C:\OpenServer\domains\hair-grow.loc\system\library\response.php on line 12
2017-03-14 17:00:27 - PHP Warning:  Invalid argument supplied for foreach() in C:\OpenServer\domains\hair-grow.loc\catalog\controller\checkout\cart.php on line 412
2017-03-14 17:00:27 - PHP Warning:  Cannot modify header information - headers already sent by (output started at C:\OpenServer\domains\hair-grow.loc\catalog\controller\startup\error.php:34) in C:\OpenServer\domains\hair-grow.loc\system\library\response.php on line 12
2017-03-14 17:01:29 - PHP Warning:  Invalid argument supplied for foreach() in C:\OpenServer\domains\hair-grow.loc\catalog\controller\checkout\cart.php on line 412
2017-03-14 17:01:29 - PHP Warning:  Cannot modify header information - headers already sent by (output started at C:\OpenServer\domains\hair-grow.loc\catalog\controller\startup\error.php:34) in C:\OpenServer\domains\hair-grow.loc\system\library\response.php on line 12
2017-03-14 17:03:30 - PHP Warning:  Invalid argument supplied for foreach() in C:\OpenServer\domains\hair-grow.loc\catalog\controller\checkout\cart.php on line 412
2017-03-14 17:03:30 - PHP Warning:  Cannot modify header information - headers already sent by (output started at C:\OpenServer\domains\hair-grow.loc\catalog\controller\startup\error.php:34) in C:\OpenServer\domains\hair-grow.loc\system\library\response.php on line 12
2017-03-14 17:07:10 - PHP Notice:  Undefined variable: product_id in C:\OpenServer\domains\hair-grow.loc\catalog\view\theme\default\template\common\cart.tpl on line 27
2017-03-14 17:07:14 - PHP Notice:  Undefined variable: product_id in C:\OpenServer\domains\hair-grow.loc\catalog\view\theme\default\template\common\cart.tpl on line 27
2017-03-14 17:13:38 - PHP Warning:  Invalid argument supplied for foreach() in C:\OpenServer\domains\hair-grow.loc\catalog\controller\checkout\cart.php on line 412
2017-03-14 17:13:38 - PHP Warning:  Cannot modify header information - headers already sent by (output started at C:\OpenServer\domains\hair-grow.loc\catalog\controller\startup\error.php:34) in C:\OpenServer\domains\hair-grow.loc\system\library\response.php on line 12
2017-03-14 17:14:04 - PHP Warning:  Invalid argument supplied for foreach() in C:\OpenServer\domains\hair-grow.loc\catalog\controller\checkout\cart.php on line 412
2017-03-14 17:14:04 - PHP Warning:  Cannot modify header information - headers already sent by (output started at C:\OpenServer\domains\hair-grow.loc\catalog\controller\startup\error.php:34) in C:\OpenServer\domains\hair-grow.loc\system\library\response.php on line 12
2017-03-14 17:14:33 - PHP Warning:  Invalid argument supplied for foreach() in C:\OpenServer\domains\hair-grow.loc\catalog\controller\checkout\cart.php on line 412
2017-03-14 17:14:33 - PHP Warning:  Cannot modify header information - headers already sent by (output started at C:\OpenServer\domains\hair-grow.loc\catalog\controller\startup\error.php:34) in C:\OpenServer\domains\hair-grow.loc\system\library\response.php on line 12
2017-03-14 17:14:58 - PHP Warning:  Invalid argument supplied for foreach() in C:\OpenServer\domains\hair-grow.loc\catalog\controller\checkout\cart.php on line 412
2017-03-14 17:14:58 - PHP Warning:  Cannot modify header information - headers already sent by (output started at C:\OpenServer\domains\hair-grow.loc\catalog\controller\startup\error.php:34) in C:\OpenServer\domains\hair-grow.loc\system\library\response.php on line 12
2017-03-14 17:16:00 - PHP Warning:  Invalid argument supplied for foreach() in C:\OpenServer\domains\hair-grow.loc\catalog\controller\checkout\cart.php on line 412
2017-03-14 17:16:00 - PHP Warning:  Cannot modify header information - headers already sent by (output started at C:\OpenServer\domains\hair-grow.loc\catalog\controller\startup\error.php:34) in C:\OpenServer\domains\hair-grow.loc\system\library\response.php on line 12
2017-03-14 17:16:20 - PHP Warning:  Invalid argument supplied for foreach() in C:\OpenServer\domains\hair-grow.loc\catalog\controller\checkout\cart.php on line 412
2017-03-14 17:16:20 - PHP Warning:  Cannot modify header information - headers already sent by (output started at C:\OpenServer\domains\hair-grow.loc\catalog\controller\startup\error.php:34) in C:\OpenServer\domains\hair-grow.loc\system\library\response.php on line 12
